
INFO App started sys003
ERROR Database failed 401authorized
INFO Retrying
ERROR Timeout occurred
INFO App started
ERROR Database failed msg:unaothrise not provide access
INFO Retrying
ERROR Timeout occurred
INFO App started
ERROR Database failed
INFO Retrying
ERROR Timeout occurred
INFO App started
ERROR Database failed
INFO Retrying
ERROR Timeout occurred
INFO App started
ERROR Database failed
INFO Retrying
ERROR Timeout occurred
INFO App started
ERROR Database failed
INFO Retrying
ERROR Timeout occurred
INFO App started
ERROR Database failed
INFO Retrying
ERROR Timeout occurred
INFO App started
ERROR Database failed
INFO Retrying
ERROR Timeout occurred
INFO App started
ERROR Database failed
INFO Retrying
ERROR Timeout occurred
INFO App started
ERROR Database failed
INFO Retrying
ERROR Timeout occurred
INFO App started
ERROR Database failed
INFO Retrying
ERROR Timeout occurred
INFO App started
ERROR Database failed
INFO Retrying
ERROR Timeout occurred
INFO App started
ERROR Database failed
INFO Retrying
ERROR Timeout occurred
INFO App started
ERROR Database failed
INFO Retrying
ERROR Timeout occurred
INFO App started
ERROR Database failed
INFO Retrying
ERROR Timeout occurred
INFO App started
ERROR Database failed
INFO Retrying
ERROR Timeout occurred
INFO App started
ERROR Database failed
INFO Retrying
ERROR Timeout occurred
INFO App started
ERROR Database failed
INFO Retrying
ERROR Timeout occurred
INFO App started
ERROR Database failed
INFO Retrying
ERROR Timeout occurred
INFO App started
ERROR Database failed
INFO Retrying
ERROR Timeout occurred
